#
# A fatal error has been detected by the Java Runtime Environment:
#
#  EXCEPTION_ACCESS_VIOLATION (0xc0000005) at pc=0x00007ff9b2a5fc51, pid=17792, tid=0x000000000000425c
#
# JRE version: Java(TM) SE Runtime Environment (8.0_201-b09) (build 1.8.0_201-b09)
# Java VM: Java HotSpot(TM) 64-Bit Server VM (25.201-b09 mixed mode windows-amd64 compressed oops)
# Problematic frame:
# C  [JOCL_2_0_1-windows-x86_64.dll+0xfc51]
#
# Failed to write core dump. Minidumps are not enabled by default on client versions of Windows
#
# If you would like to submit a bug report, please visit:
#   http://bugreport.java.com/bugreport/crash.jsp
# The crash happened outside the Java Virtual Machine in native code.
# See problematic frame for where to report the bug.
#

---------------  T H R E A D  ---------------

Current thread (0x0000000019148000):  JavaThread "Thread-7" [_thread_in_native, id=16988, stack(0x000000001a850000,0x000000001a950000)]

siginfo: ExceptionCode=0xc0000005, reading address 0x000000001b14ab08

Registers:
RAX=0x000000001a94f260, RBX=0x000000001b14ab08, RCX=0x0000000000000006, RDX=0x00007ff9b2a77eb0
RSP=0x000000001a94f1f0, RBP=0x000000001a94f2e8, RSI=0x000000001a4597d0, RDI=0x00000000191481f8
R8 =0x000000001a599200, R9 =0x0000000000000000, R10=0x0000000000071140, R11=0x000000001a94efb0
R12=0x0000000000000000, R13=0x000000001746ffc0, R14=0x000000001a94f308, R15=0x0000000019148000
RIP=0x00007ff9b2a5fc51, EFLAGS=0x0000000000010202

Top of Stack: (sp=0x000000001a94f1f0)
0x000000001a94f1f0:   0000000000e35df0 00007ff9b2a77eb0
0x000000001a94f200:   000000001a599200 0000000000000000
0x000000001a94f210:   00000000191481f8 00007ff9b2a5fd1c
0x000000001a94f220:   000000001b14aae0 00000000191481f8
0x000000001a94f230:   0000000000df9810 000000001b213290
0x000000001a94f240:   00000000191481f8 00007ff9b2a5c271
0x000000001a94f250:   0000000000000000 00007ff900000001
0x000000001a94f260:   0000000000df9810 000000001a4597d0
0x000000001a94f270:   0000000002f47da0 0000000002f586c7
0x000000001a94f280:   0000000000200031 000000001746ffc0
0x000000001a94f290:   0000000017470738 000000001a94f2f0
0x000000001a94f2a0:   0000000002f47da0 000000001a94f2a8
0x000000001a94f2b0:   0000000000000000 000000001a94f308
0x000000001a94f2c0:   000000001747b150 0000000000000000
0x000000001a94f2d0:   000000001746ffc0 0000000000000000
0x000000001a94f2e0:   000000001a94f308 000000001a94f350 

Instructions: (pc=0x00007ff9b2a5fc51)
0x00007ff9b2a5fc31:   89 5c 24 08 57 48 83 ec 20 48 8b da 48 8b f9 48
0x00007ff9b2a5fc41:   8d 15 69 82 01 00 b9 06 00 00 00 e8 2f e2 ff ff
0x00007ff9b2a5fc51:   48 8b 13 48 85 d2 74 40 48 8b 12 48 85 d2 74 0c
0x00007ff9b2a5fc61:   48 8b 07 48 8b cf ff 90 b0 00 00 00 48 8b 03 48 


Register to memory mapping:

RAX=0x000000001a94f260 is pointing into the stack for thread: 0x0000000019148000
RBX=0x000000001b14ab08 is an unknown value
RCX=0x0000000000000006 is an unknown value
RDX=0x00007ff9b2a77eb0 is an unknown value
RSP=0x000000001a94f1f0 is pointing into the stack for thread: 0x0000000019148000
RBP=0x000000001a94f2e8 is pointing into the stack for thread: 0x0000000019148000
RSI=0x000000001a4597d0 is an unknown value
RDI=0x00000000191481f8 is an unknown value
R8 =0x000000001a599200 is an unknown value
R9 =0x0000000000000000 is an unknown value
R10=0x0000000000071140 is an unknown value
R11=0x000000001a94efb0 is pointing into the stack for thread: 0x0000000019148000
R12=0x0000000000000000 is an unknown value
R13={method} {0x000000001746ffc8} 'clReleaseContextNative' '(Lorg/jocl/cl_context;)I' in 'org/jocl/CL'
R14=0x000000001a94f308 is pointing into the stack for thread: 0x0000000019148000
R15=0x0000000019148000 is a thread


Stack: [0x000000001a850000,0x000000001a950000],  sp=0x000000001a94f1f0,  free space=1020k
Native frames: (J=compiled Java code, j=interpreted, Vv=VM code, C=native code)
C  [JOCL_2_0_1-windows-x86_64.dll+0xfc51]
C  [JOCL_2_0_1-windows-x86_64.dll+0xfd1c]
C  [JOCL_2_0_1-windows-x86_64.dll+0xc271]
C  0x0000000002f586c7

Java frames: (J=compiled Java code, j=interpreted, Vv=VM code)
j  org.jocl.CL.clReleaseContextNative(Lorg/jocl/cl_context;)I+0
j  org.jocl.CL.clReleaseContext(Lorg/jocl/cl_context;)I+1
j  OpenCLRunner.multiplyVectorMatrix([F[[F)[F+488
j  OpenCLPart1$7.run()V+48
v  ~StubRoutines::call_stub

---------------  P R O C E S S  ---------------

Java Threads: ( => current thread )
=>0x0000000019148000 JavaThread "Thread-7" [_thread_in_native, id=16988, stack(0x000000001a850000,0x000000001a950000)]
  0x00000000190f9000 JavaThread "Service Thread" daemon [_thread_blocked, id=13596, stack(0x0000000019850000,0x0000000019950000)]
  0x00000000190e7800 JavaThread "C1 CompilerThread2" daemon [_thread_blocked, id=16924, stack(0x0000000019750000,0x0000000019850000)]
  0x0000000017a49000 JavaThread "C2 CompilerThread1" daemon [_thread_blocked, id=17148, stack(0x0000000019650000,0x0000000019750000)]
  0x0000000017a46000 JavaThread "C2 CompilerThread0" daemon [_thread_blocked, id=17948, stack(0x0000000019550000,0x0000000019650000)]
  0x0000000019092800 JavaThread "Monitor Ctrl-Break" daemon [_thread_in_native, id=17460, stack(0x0000000019450000,0x0000000019550000)]
  0x00000000179f8000 JavaThread "Attach Listener" daemon [_thread_blocked, id=17648, stack(0x0000000018f50000,0x0000000019050000)]
  0x00000000179f7000 JavaThread "Signal Dispatcher" daemon [_thread_blocked, id=12248, stack(0x0000000018e50000,0x0000000018f50000)]
  0x0000000002f39000 JavaThread "Finalizer" daemon [_thread_blocked, id=16968, stack(0x0000000018c50000,0x0000000018d50000)]
  0x0000000002f33000 JavaThread "Reference Handler" daemon [_thread_blocked, id=15120, stack(0x0000000018b50000,0x0000000018c50000)]
  0x0000000002e43000 JavaThread "main" [_thread_blocked, id=8000, stack(0x0000000002be0000,0x0000000002ce0000)]

Other Threads:
  0x00000000179b8000 VMThread [stack: 0x0000000018a50000,0x0000000018b50000] [id=8368]
  0x000000001912f800 WatcherThread [stack: 0x0000000019950000,0x0000000019a50000] [id=7620]

VM state:not at safepoint (normal execution)

VM Mutex/Monitor currently owned by a thread: None

heap address: 0x0000000082600000, size: 2010 MB, Compressed Oops mode: 32-bit
Narrow klass base: 0x0000000000000000, Narrow klass shift: 3
Compressed class space size: 1073741824 Address: 0x0000000100000000

Heap:
 PSYoungGen      total 37888K, used 10500K [0x00000000d6200000, 0x00000000d8c00000, 0x0000000100000000)
  eden space 32768K, 32% used [0x00000000d6200000,0x00000000d6c41008,0x00000000d8200000)
  from space 5120K, 0% used [0x00000000d8700000,0x00000000d8700000,0x00000000d8c00000)
  to   space 5120K, 0% used [0x00000000d8200000,0x00000000d8200000,0x00000000d8700000)
 ParOldGen       total 86016K, used 0K [0x0000000082600000, 0x0000000087a00000, 0x00000000d6200000)
  object space 86016K, 0% used [0x0000000082600000,0x0000000082600000,0x0000000087a00000)
 Metaspace       used 4784K, capacity 4928K, committed 5248K, reserved 1056768K
  class space    used 538K, capacity 560K, committed 640K, reserved 1048576K

Card table byte_map: [0x0000000012300000,0x00000000126f0000] byte_map_base: 0x0000000011eed000

Marking Bits: (ParMarkBitMap*) 0x0000000054af4ce0
 Begin Bits: [0x0000000012d90000, 0x0000000014cf8000)
 End Bits:   [0x0000000014cf8000, 0x0000000016c60000)

Polling page: 0x00000000009f0000

CodeCache: size=245760Kb used=1441Kb max_used=1447Kb free=244318Kb
 bounds [0x0000000002f40000, 0x00000000031b0000, 0x0000000011f40000]
 total_blobs=479 nmethods=173 adapters=220
 compilation: enabled

Compilation events (10 events):
Event: 14.069 Thread 0x00000000190e7800 nmethod 169 0x00000000030a6e90 code [0x00000000030a7040, 0x00000000030a75c8]
Event: 14.069 Thread 0x00000000190e7800  168       1       java.util.logging.LogManager$LoggerContext::getOwner (5 bytes)
Event: 14.069 Thread 0x00000000190e7800 nmethod 168 0x00000000030a7850 code [0x00000000030a79a0, 0x00000000030a7ab0]
Event: 14.070 Thread 0x0000000017a49000 nmethod 170 0x00000000030a3250 code [0x00000000030a3380, 0x00000000030a33f8]
Event: 15.031 Thread 0x00000000190e7800  171       3       java.util.Random::nextInt (74 bytes)
Event: 15.032 Thread 0x00000000190e7800 nmethod 171 0x00000000030a9fd0 code [0x00000000030aa180, 0x00000000030aa5c8]
Event: 15.032 Thread 0x00000000190e7800  172       3       java.util.Random::next (47 bytes)
Event: 15.033 Thread 0x00000000190e7800 nmethod 172 0x00000000030a98d0 code [0x00000000030a9a40, 0x00000000030a9e50]
Event: 15.033 Thread 0x00000000190e7800  173       3       java.nio.CharBuffer::arrayOffset (35 bytes)
Event: 15.034 Thread 0x00000000190e7800 nmethod 173 0x00000000030a9390 code [0x00000000030a9520, 0x00000000030a97d8]

GC Heap History (0 events):
No events

Deoptimization events (0 events):
No events

Classes redefined (0 events):
No events

Internal exceptions (6 events):
Event: 0.175 Thread 0x0000000002e43000 Exception <a 'java/lang/NoSuchMethodError': Method sun.misc.Unsafe.defineClass(Ljava/lang/String;[BII)Ljava/lang/Class; name or signature does not match> (0x00000000d6207cb0) thrown at [C:\re\workspace\8-2-build-windows-amd64-cygwin\jdk8u201\12322\hotspot
Event: 0.175 Thread 0x0000000002e43000 Exception <a 'java/lang/NoSuchMethodError': Method sun.misc.Unsafe.prefetchRead(Ljava/lang/Object;J)V name or signature does not match> (0x00000000d6207f98) thrown at [C:\re\workspace\8-2-build-windows-amd64-cygwin\jdk8u201\12322\hotspot\src\share\vm\prim
Event: 0.968 Thread 0x00000000179f8000 Exception <a 'java/security/PrivilegedActionException'> (0x00000000d650d280) thrown at [C:\re\workspace\8-2-build-windows-amd64-cygwin\jdk8u201\12322\hotspot\src\share\vm\prims\jvm.cpp, line 1502]
Event: 0.968 Thread 0x00000000179f8000 Exception <a 'java/security/PrivilegedActionException'> (0x00000000d650d678) thrown at [C:\re\workspace\8-2-build-windows-amd64-cygwin\jdk8u201\12322\hotspot\src\share\vm\prims\jvm.cpp, line 1502]
Event: 0.972 Thread 0x00000000179f8000 Exception <a 'java/security/PrivilegedActionException'> (0x00000000d6511770) thrown at [C:\re\workspace\8-2-build-windows-amd64-cygwin\jdk8u201\12322\hotspot\src\share\vm\prims\jvm.cpp, line 1502]
Event: 0.972 Thread 0x00000000179f8000 Exception <a 'java/security/PrivilegedActionException'> (0x00000000d6511b68) thrown at [C:\re\workspace\8-2-build-windows-amd64-cygwin\jdk8u201\12322\hotspot\src\share\vm\prims\jvm.cpp, line 1502]

Events (10 events):
Event: 13.991 loading class java/nio/HeapLongBuffer
Event: 13.991 loading class java/nio/HeapLongBuffer done
Event: 14.065 loading class org/jocl/Sizeof
Event: 14.065 loading class org/jocl/Sizeof done
Event: 15.030 Thread 0x0000000019148000 Thread exited: 0x0000000019148000
Event: 15.031 Thread 0x0000000019148000 Thread added: 0x0000000019148000
Event: 15.031 Thread 0x00000000191f0000 Thread added: 0x00000000191f0000
Event: 15.033 Executing VM operation: RevokeBias
Event: 15.033 Executing VM operation: RevokeBias done
Event: 15.034 Thread 0x00000000191f0000 Thread exited: 0x00000000191f0000


Dynamic libraries:
0x00007ff7f95d0000 - 0x00007ff7f9607000 	C:\Program Files\Java\jdk1.8.0_201\bin\java.exe
0x00007ff9ce630000 - 0x00007ff9ce811000 	C:\WINDOWS\SYSTEM32\ntdll.dll
0x00007ff9cce70000 - 0x00007ff9ccf21000 	C:\WINDOWS\System32\KERNEL32.DLL
0x00007ff9cb230000 - 0x00007ff9cb4a3000 	C:\WINDOWS\System32\KERNELBASE.dll
0x00007ff9cc010000 - 0x00007ff9cc0b1000 	C:\WINDOWS\System32\ADVAPI32.dll
0x00007ff9ccdd0000 - 0x00007ff9cce6e000 	C:\WINDOWS\System32\msvcrt.dll
0x00007ff9cc2f0000 - 0x00007ff9cc34b000 	C:\WINDOWS\System32\sechost.dll
0x00007ff9ccf30000 - 0x00007ff9cd054000 	C:\WINDOWS\System32\RPCRT4.dll
0x00007ff9cc160000 - 0x00007ff9cc2f0000 	C:\WINDOWS\System32\USER32.dll
0x00007ff9caa00000 - 0x00007ff9caa20000 	C:\WINDOWS\System32\win32u.dll
0x00007ff9cbe50000 - 0x00007ff9cbe78000 	C:\WINDOWS\System32\GDI32.dll
0x00007ff9cb620000 - 0x00007ff9cb7b2000 	C:\WINDOWS\System32\gdi32full.dll
0x00007ff9cb580000 - 0x00007ff9cb61f000 	C:\WINDOWS\System32\msvcp_win.dll
0x00007ff9caa20000 - 0x00007ff9cab18000 	C:\WINDOWS\System32\ucrtbase.dll
0x00007ff9bba80000 - 0x00007ff9bbce9000 	C:\WINDOWS\WinSxS\amd64_microsoft.windows.common-controls_6595b64144ccf1df_6.0.17134.765_none_fb42a1a930655896\COMCTL32.dll
0x00007ff9ccaa0000 - 0x00007ff9ccdc2000 	C:\WINDOWS\System32\combase.dll
0x00007ff9cb4b0000 - 0x00007ff9cb52a000 	C:\WINDOWS\System32\bcryptPrimitives.dll
0x00007ff9cbdc0000 - 0x00007ff9cbded000 	C:\WINDOWS\System32\IMM32.DLL
0x0000000055690000 - 0x0000000055761000 	C:\Program Files\Java\jdk1.8.0_201\jre\bin\msvcr100.dll
0x00000000542d0000 - 0x0000000054b74000 	C:\Program Files\Java\jdk1.8.0_201\jre\bin\server\jvm.dll
0x00007ff9cbe80000 - 0x00007ff9cbe88000 	C:\WINDOWS\System32\PSAPI.DLL
0x00007ff9c82f0000 - 0x00007ff9c8313000 	C:\WINDOWS\SYSTEM32\WINMM.dll
0x00007ff9becd0000 - 0x00007ff9becda000 	C:\WINDOWS\SYSTEM32\VERSION.dll
0x00007ff9c82c0000 - 0x00007ff9c82ea000 	C:\WINDOWS\SYSTEM32\WINMMBASE.dll
0x00007ff9c9590000 - 0x00007ff9c9599000 	C:\WINDOWS\SYSTEM32\WSOCK32.dll
0x00007ff9cb530000 - 0x00007ff9cb579000 	C:\WINDOWS\System32\cfgmgr32.dll
0x00007ff9cbf70000 - 0x00007ff9cbfdc000 	C:\WINDOWS\System32\WS2_32.dll
0x00007ff9c7030000 - 0x00007ff9c703f000 	C:\Program Files\Java\jdk1.8.0_201\jre\bin\verify.dll
0x00007ff9c6ff0000 - 0x00007ff9c7019000 	C:\Program Files\Java\jdk1.8.0_201\jre\bin\java.dll
0x00007ff9b64c0000 - 0x00007ff9b64e3000 	C:\Program Files\Java\jdk1.8.0_201\jre\bin\instrument.dll
0x00007ff9bf500000 - 0x00007ff9bf516000 	C:\Program Files\Java\jdk1.8.0_201\jre\bin\zip.dll
0x00007ff9cd060000 - 0x00007ff9ce4a0000 	C:\WINDOWS\System32\SHELL32.dll
0x00007ff9cc9f0000 - 0x00007ff9cca99000 	C:\WINDOWS\System32\shcore.dll
0x00007ff9cab20000 - 0x00007ff9cb22d000 	C:\WINDOWS\System32\windows.storage.dll
0x00007ff9cbac0000 - 0x00007ff9cbb11000 	C:\WINDOWS\System32\shlwapi.dll
0x00007ff9ca9e0000 - 0x00007ff9ca9f1000 	C:\WINDOWS\System32\kernel.appcore.dll
0x00007ff9ca9c0000 - 0x00007ff9ca9df000 	C:\WINDOWS\System32\profapi.dll
0x00007ff9ca950000 - 0x00007ff9ca99c000 	C:\WINDOWS\System32\powrprof.dll
0x00007ff9ca940000 - 0x00007ff9ca94a000 	C:\WINDOWS\System32\FLTLIB.DLL
0x00007ff9ba320000 - 0x00007ff9ba33a000 	C:\Program Files\JetBrains\IntelliJ IDEA 2018.3.5\bin\breakgen64.dll
0x00007ff9bdc70000 - 0x00007ff9bdc8a000 	C:\Program Files\Java\jdk1.8.0_201\jre\bin\net.dll
0x00007ff9bb160000 - 0x00007ff9bb328000 	C:\WINDOWS\SYSTEM32\urlmon.dll
0x00007ff9bb730000 - 0x00007ff9bb9d7000 	C:\WINDOWS\SYSTEM32\iertutil.dll
0x00007ff9ca330000 - 0x00007ff9ca33b000 	C:\WINDOWS\SYSTEM32\CRYPTBASE.DLL
0x00007ff9ca160000 - 0x00007ff9ca1c6000 	C:\WINDOWS\system32\mswsock.dll
0x00007ff9b2a50000 - 0x00007ff9b2a8d000 	C:\Users\User\AppData\Local\Temp\JOCL_2_0_1-windows-x86_64.dll
0x00007ff9b2a30000 - 0x00007ff9b2a4a000 	C:\WINDOWS\SYSTEM32\OpenCL.dll
0x00007ff9a4de0000 - 0x00007ff9a4e47000 	C:\WINDOWS\SYSTEM32\IntelOpenCL64.dll
0x00007ff9837f0000 - 0x00007ff9839b2000 	C:\Program Files (x86)\Common Files\Intel\OpenCL\bin\x64\intelocl64.dll
0x00007ff9a4c70000 - 0x00007ff9a4d0d000 	C:\Program Files (x86)\Common Files\Intel\OpenCL\bin\x64\task_executor64.dll
0x00007ff9b4780000 - 0x00007ff9b48a0000 	C:\WINDOWS\SYSTEM32\OPENGL32.dll
0x00007ff9b91a0000 - 0x00007ff9b91cc000 	C:\WINDOWS\SYSTEM32\GLU32.dll
0x00007ff9a0b30000 - 0x00007ff9a0c08000 	C:\Program Files (x86)\Common Files\Intel\OpenCL\bin\x64\cpu_device64.dll
0x00007ff97cc70000 - 0x00007ff97d131000 	C:\WINDOWS\SYSTEM32\igdrcl64.dll
0x00007ff9c9700000 - 0x00007ff9c97bb000 	C:\WINDOWS\SYSTEM32\dxgi.dll
0x00007ff9a4d90000 - 0x00007ff9a4dd3000 	C:\WINDOWS\SYSTEM32\igdfcl64.dll
0x00007ff97b900000 - 0x00007ff97be76000 	C:\WINDOWS\SYSTEM32\igdmcl64.dll
0x00007ff9c9360000 - 0x00007ff9c9529000 	C:\WINDOWS\SYSTEM32\dbghelp.dll
0x00007ff9a4c00000 - 0x00007ff9a4c6d000 	C:\WINDOWS\SYSTEM32\igdbcl64.dll
0x00007ff9c3f80000 - 0x00007ff9c49bf000 	C:\WINDOWS\SYSTEM32\igdusc64.dll
0x00007ff979d30000 - 0x00007ff97b8fd000 	C:\WINDOWS\SYSTEM32\common_clang64.dll

VM Arguments:
jvm_args: -javaagent:C:\Program Files\JetBrains\IntelliJ IDEA 2018.3.5\lib\idea_rt.jar=62694:C:\Program Files\JetBrains\IntelliJ IDEA 2018.3.5\bin -Dfile.encoding=UTF-8 
java_command: OpenCLPart1
java_class_path (initial): C:\Program Files\Java\jdk1.8.0_201\jre\lib\charsets.jar;C:\Program Files\Java\jdk1.8.0_201\jre\lib\deploy.jar;C:\Program Files\Java\jdk1.8.0_201\jre\lib\ext\access-bridge-64.jar;C:\Program Files\Java\jdk1.8.0_201\jre\lib\ext\cldrdata.jar;C:\Program Files\Java\jdk1.8.0_201\jre\lib\ext\dnsns.jar;C:\Program Files\Java\jdk1.8.0_201\jre\lib\ext\jaccess.jar;C:\Program Files\Java\jdk1.8.0_201\jre\lib\ext\jfxrt.jar;C:\Program Files\Java\jdk1.8.0_201\jre\lib\ext\localedata.jar;C:\Program Files\Java\jdk1.8.0_201\jre\lib\ext\nashorn.jar;C:\Program Files\Java\jdk1.8.0_201\jre\lib\ext\sunec.jar;C:\Program Files\Java\jdk1.8.0_201\jre\lib\ext\sunjce_provider.jar;C:\Program Files\Java\jdk1.8.0_201\jre\lib\ext\sunmscapi.jar;C:\Program Files\Java\jdk1.8.0_201\jre\lib\ext\sunpkcs11.jar;C:\Program Files\Java\jdk1.8.0_201\jre\lib\ext\zipfs.jar;C:\Program Files\Java\jdk1.8.0_201\jre\lib\javaws.jar;C:\Program Files\Java\jdk1.8.0_201\jre\lib\jce.jar;C:\Program Files\Java\jdk1.8.0_201\jre\lib\jfr.jar;C:\Program Files\Java\jdk1.8.0_201\jre\lib\jfxswt.jar;C:\Program Files\Java\jdk1.8.0_201\jre\lib\jsse.jar;C:\Program Files\Java\jdk1.8.0_201\jre\lib\management-agent.jar;C:\Program Files\Java\jdk1.8.0_201\jre\lib\plugin.jar;C:\Program Files\Java\jdk1.8.0_201\jre\lib\resources.jar;C:\Program Files\Java\jdk1.8.0_201\jre\lib\rt.jar;E:\work\intellijworkspace\tipsfortrips\Lv-393.Java.Tips4Trips\Lab5TRSPO\target\classes;C:\Users\User\.m2\repository\org\jocl\jocl\2.0.1\jocl-2.0.1.jar;C:\Program Files\JetBrains\IntelliJ IDEA 2018.3.5\lib\idea_rt.jar
Launcher Type: SUN_STANDARD

Environment Variables:
JAVA_HOME=c:\Program Files\Java\jdk-9.0.4\
JRE_HOME=c:\Program Files\Java\jdk1.8.0_192\jre\
CLASSPATH=.;
PATH=C:\Windows\System32\;c:\Program Files\Java\jdk-9.0.4\\bin;С:\Program Files\Java\jdk1.8.0_192\bin;C:\ProgramData\Oracle\Java\javapath;C:\Program Files\Git\cmd;C:\Program Files\nodejs\;E:\work\Apps\apache-maven-3.6.0\bin;C:\Program Files (x86)\Common Files\Oracle\Java\javapath;$(INTELOCLSDKROOT)\lib\;C:\Ruby25-x64\bin;C:\Users\User\AppData\Local\Microsoft\WindowsApps;c:\Program Files\Java\jdk-9.0.4\\bin;C:\Program Files\JetBrains\IntelliJ IDEA 2018.3.5\bin;;C:\Users\User\AppData\Roaming\npm;E:\work\Apps\Microsoft VS Code\bin;E:\work\Apps\apache-maven-3.6.0\bin;C:\Windows\System32\;$(INTELOCLSDKROOT)\lib\;
USERNAME=User
OS=Windows_NT
PROCESSOR_IDENTIFIER=Intel64 Family 6 Model 76 Stepping 4, GenuineIntel



---------------  S Y S T E M  ---------------

OS: Windows 10.0 , 64 bit Build 17134 (10.0.17134.753)

CPU:total 4 (initial active 4) (4 cores per cpu, 1 threads per core) family 6 model 76 stepping 4, cmov, cx8, fxsr, mmx, sse, sse2, sse3, ssse3, sse4.1, sse4.2, popcnt, aes, clmul, erms, 3dnowpref, tsc, tscinvbit

Memory: 4k page, physical 8227088k(1360388k free), swap 17139984k(4286832k free)

vm_info: Java HotSpot(TM) 64-Bit Server VM (25.201-b09) for windows-amd64 JRE (1.8.0_201-b09), built on Dec 15 2018 18:36:39 by "java_re" with MS VC++ 10.0 (VS2010)

time: Thu May 23 22:58:28 2019
timezone: Финляндия (лето)
elapsed time: 15 seconds (0d 0h 0m 15s)

